yarn add v1.22.19
warning ..\..\package.json: No license field
warning package-lock.json found. Your project contains lock files generated by tools other than Yarn. It is advised not to mix package managers in order to avoid resolution inconsistencies caused by unsynchronized lock files. To clear this warning, remove package-lock.json.
[1/4] Resolving packages...
warning @storybook/react-webpack5 > @storybook/builder-webpack5 > fork-ts-checker-webpack-plugin > memfs@3.6.0: this will be v4
warning @storybook/react-webpack5 > @storybook/builder-webpack5 > webpack-dev-middleware > memfs@3.6.0: this will be v4
[2/4] Fetching packages...
[3/4] Linking dependencies...
warning " > @testing-library/user-event@13.5.0" has unmet peer dependency "@testing-library/dom@>=7.21.4".
warning "react-scripts > eslint-config-react-app > eslint-plugin-flowtype@8.0.3" has unmet peer dependency "@babel/plugin-syntax-flow@^7.14.5".
warning "react-scripts > eslint-config-react-app > eslint-plugin-flowtype@8.0.3" has unmet peer dependency "@babel/plugin-transform-react-jsx@^7.14.9".
warning "@babel/plugin-proposal-private-property-in-object > @babel/plugin-syntax-private-property-in-object@7.14.5" has unmet peer dependency "@babel/core@^7.0.0-0".
warning "@babel/plugin-proposal-private-property-in-object > @babel/helper-create-class-features-plugin@7.22.9" has unmet peer dependency "@babel/core@^7.0.0".
warning "eslint-plugin-storybook > @typescript-eslint/utils@5.62.0" has unmet peer dependency "eslint@^6.0.0 || ^7.0.0 || ^8.0.0".
warning " > @babel/plugin-proposal-private-property-in-object@7.21.11" has unmet peer dependency "@babel/core@^7.0.0-0".
warning "@storybook/react-webpack5 > @storybook/preset-react-webpack > @babel/preset-flow@7.22.5" has unmet peer dependency "@babel/core@^7.0.0-0".
warning " > @storybook/preset-create-react-app@7.1.0" has unmet peer dependency "@babel/core@*".
warning " > eslint-plugin-storybook@0.6.13" has unmet peer dependency "eslint@>=6".
error An unexpected error occurred: "EPERM: operation not permitted, copyfile 'C:\\Users\\Aryan Singh\\AppData\\Local\\Yarn\\Cache\\v6\\npm-@types-yargs-17.0.24-integrity\\node_modules\\@types\\yargs\\helpers.d.ts' -> 'C:\\Users\\Aryan Singh\\Desktop\\loop-frontend-optmz\\node_modules\\@types\\yargs\\helpers.d.ts'".
info If you think this is a bug, please open a bug report with the information provided in "C:\\Users\\Aryan Singh\\Desktop\\loop-frontend-optmz\\yarn-error.log".
info Visit https://yarnpkg.com/en/docs/cli/add for documentation about this command.
